<?xml version="1.0" encoding="UTF-8" ?>
<testsuite tests="3" failures="0" name="joberstein.portfolio.service.CaptchaVerificationServiceTest" time="0.023" errors="0" skipped="0">
  <properties>
[...]
</properties>
  <testcase classname="joberstein.portfolio.service.CaptchaVerificationServiceTest" name="testVerifyCaptcha_succeeds_remoteIpNull" time="0.022"/>
  <testcase classname="joberstein.portfolio.service.CaptchaVerificationServiceTest" name="testVerifyCaptcha_fails" time="0"/>
  <testcase classname="joberstein.portfolio.service.CaptchaVerificationServiceTest" name="testVerifyCaptcha_succeeds" time="0.001"/>
</testsuite>